<?xml version="1.0" encoding="UTF-8"?>
<!-- Generated by org.testng.reporters.JUnitXMLReporter -->
<testsuite ignored="4" hostname="vkzoomin996" failures="0" tests="5" name="Test" time="0.066" errors="0" timestamp="2023-08-18T17:34:29 IST">
  <testcase classname="TestCASES.TestCase_01" name="delete" time="0.009"/>
  <testcase classname="TestCASES.TestCase_01" name="rename" time="0.001"/>
  <testcase classname="TestCASES.TestCase_3" name="rename" time="0.001"/>
  <testcase classname="TestCASES.TestCase_3" name="update" time="0.002"/>
  <testcase classname="TestCASES.TestCase_2" name="rename" time="0.001"/>
  <testcase classname="TestCASES.TestCase_01" name="update" time="0.0">
    <ignored/>
  </testcase> <!-- update -->
  <testcase classname="TestCASES.TestCase_3" name="delete" time="0.0">
    <ignored/>
  </testcase> <!-- delete -->
  <testcase classname="TestCASES.TestCase_2" name="delete" time="0.0">
    <ignored/>
  </testcase> <!-- delete -->
  <testcase classname="TestCASES.TestCase_2" name="update" time="0.0">
    <ignored/>
  </testcase> <!-- update -->
</testsuite> <!-- Test -->
